<?xml version="1.0" encoding="UTF-8"?>
<testsuite xmlns:xsi="http://www.w3.org/2001/XMLSchema-instance" xsi:noNamespaceSchemaLocation="https://maven.apache.org/surefire/maven-surefire-plugin/xsd/surefire-test-report-3.0.xsd" version="3.0" name="com.mdas.mde.api.HelloControllerTest" time="8.04" tests="1" errors="0" skipped="0" failures="0">
  <properties>
    <property name="gopherProxySet" value="false"/>
    <property name="awt.toolkit" value="sun.lwawt.macosx.LWCToolkit"/>
    <property name="java.specification.version" value="11"/>
    <property name="sun.cpu.isalist" value=""/>
    <property name="test.url" value="http://localhost:8081"/>
    <property name="sun.jnu.encoding" value="UTF-8"/>
    <property name="java.class.path" value="/Users/ricardtorrents/Documents/Master/ModelsDevSoftware/mdas-mds-api-ci-cd/target/test-classes:/Users/ricardtorrents/Documents/Master/ModelsDevSoftware/mdas-mds-api-ci-cd/target/classes:/Users/ricardtorrents/.m2/repository/io/quarkus/quarkus-rest-client-jsonb/1.12.2.Final/quarkus-rest-client-jsonb-1.12.2.Final.jar:/Users/ricardtorrents/.m2/repository/io/quarkus/quarkus-jsonb/1.12.2.Final/quarkus-jsonb-1.12.2.Final.jar:/Users/ricardtorrents/.m2/repository/org/eclipse/yasson/1.0.8/yasson-1.0.8.jar:/Users/ricardtorrents/.m2/repository/io/quarkus/quarkus-jsonp/1.12.2.Final/quarkus-jsonp-1.12.2.Final.jar:/Users/ricardtorrents/.m2/repository/org/jboss/resteasy/resteasy-json-binding-provider/4.5.9.Final/resteasy-json-binding-provider-4.5.9.Final.jar:/Users/ricardtorrents/.m2/repository/org/glassfish/jakarta.json/1.1.6/jakarta.json-1.1.6.jar:/Users/ricardtorrents/.m2/repository/jakarta/json/bind/jakarta.json.bind-api/1.0.2/jakarta.json.bind-api-1.0.2.jar:/Users/ricardtorrents/.m2/repository/org/jboss/logging/jboss-logging/3.4.1.Final/jboss-logging-3.4.1.Final.jar:/Users/ricardtorrents/.m2/repository/org/jboss/resteasy/resteasy-json-p-provider/4.5.9.Final/resteasy-json-p-provider-4.5.9.Final.jar:/Users/ricardtorrents/.m2/repository/commons-io/commons-io/2.8.0/commons-io-2.8.0.jar:/Users/ricardtorrents/.m2/repository/io/quarkus/quarkus-rest-client/1.12.2.Final/quarkus-rest-client-1.12.2.Final.jar:/Users/ricardtorrents/.m2/repository/io/quarkus/quarkus-core/1.12.2.Final/quarkus-core-1.12.2.Final.jar:/Users/ricardtorrents/.m2/repository/jakarta/annotation/jakarta.annotation-api/1.3.5/jakarta.annotation-api-1.3.5.jar:/Users/ricardtorrents/.m2/repository/jakarta/enterprise/jakarta.enterprise.cdi-api/2.0.2/jakarta.enterprise.cdi-api-2.0.2.jar:/Users/ricardtorrents/.m2/repository/jakarta/el/jakarta.el-api/3.0.3/jakarta.el-api-3.0.3.jar:/Users/ricardtorrents/.m2/repository/jakarta/inject/jakarta.inject-api/1.0/jakarta.inject-api-1.0.jar:/Users/ricardtorrents/.m2/repository/io/quarkus/quarkus-ide-launcher/1.12.2.Final/quarkus-ide-launcher-1.12.2.Final.jar:/Users/ricardtorrents/.m2/repository/io/quarkus/quarkus-development-mode-spi/1.12.2.Final/quarkus-development-mode-spi-1.12.2.Final.jar:/Users/ricardtorrents/.m2/repository/io/smallrye/config/smallrye-config/1.10.2/smallrye-config-1.10.2.jar:/Users/ricardtorrents/.m2/repository/io/smallrye/common/smallrye-common-annotation/1.5.0/smallrye-common-annotation-1.5.0.jar:/Users/ricardtorrents/.m2/repository/io/smallrye/config/smallrye-config-common/1.10.2/smallrye-config-common-1.10.2.jar:/Users/ricardtorrents/.m2/repository/io/smallrye/common/smallrye-common-expression/1.5.0/smallrye-common-expression-1.5.0.jar:/Users/ricardtorrents/.m2/repository/io/smallrye/common/smallrye-common-function/1.5.0/smallrye-common-function-1.5.0.jar:/Users/ricardtorrents/.m2/repository/io/smallrye/common/smallrye-common-constraint/1.5.0/smallrye-common-constraint-1.5.0.jar:/Users/ricardtorrents/.m2/repository/io/smallrye/common/smallrye-common-classloader/1.5.0/smallrye-common-classloader-1.5.0.jar:/Users/ricardtorrents/.m2/repository/org/jboss/logmanager/jboss-logmanager-embedded/1.0.6/jboss-logmanager-embedded-1.0.6.jar:/Users/ricardtorrents/.m2/repository/org/jboss/logging/jboss-logging-annotations/2.2.0.Final/jboss-logging-annotations-2.2.0.Final.jar:/Users/ricardtorrents/.m2/repository/org/jboss/threads/jboss-threads/3.2.0.Final/jboss-threads-3.2.0.Final.jar:/Users/ricardtorrents/.m2/repository/org/slf4j/slf4j-api/1.7.30/slf4j-api-1.7.30.jar:/Users/ricardtorrents/.m2/repository/org/jboss/slf4j/slf4j-jboss-logmanager/1.1.0.Final/slf4j-jboss-logmanager-1.1.0.Final.jar:/Users/ricardtorrents/.m2/repository/org/graalvm/sdk/graal-sdk/21.0.0/graal-sdk-21.0.0.jar:/Users/ricardtorrents/.m2/repository/org/wildfly/common/wildfly-common/1.5.4.Final-format-001/wildfly-common-1.5.4.Final-format-001.jar:/Users/ricardtorrents/.m2/repository/io/quarkus/quarkus-bootstrap-runner/1.12.2.Final/quarkus-bootstrap-runner-1.12.2.Final.jar:/Users/ricardtorrents/.m2/repository/io/quarkus/quarkus-resteasy-common/1.12.2.Final/quarkus-resteasy-common-1.12.2.Final.jar:/Users/ricardtorrents/.m2/repository/org/jboss/resteasy/resteasy-core/4.5.9.Final/resteasy-core-4.5.9.Final.jar:/Users/ricardtorrents/.m2/repository/org/jboss/spec/javax/ws/rs/jboss-jaxrs-api_2.1_spec/2.0.1.Final/jboss-jaxrs-api_2.1_spec-2.0.1.Final.jar:/Users/ricardtorrents/.m2/repository/org/jboss/resteasy/resteasy-core-spi/4.5.9.Final/resteasy-core-spi-4.5.9.Final.jar:/Users/ricardtorrents/.m2/repository/org/reactivestreams/reactive-streams/1.0.3/reactive-streams-1.0.3.jar:/Users/ricardtorrents/.m2/repository/com/ibm/async/asyncutil/0.1.0/asyncutil-0.1.0.jar:/Users/ricardtorrents/.m2/repository/org/eclipse/microprofile/config/microprofile-config-api/1.4/microprofile-config-api-1.4.jar:/Users/ricardtorrents/.m2/repository/com/sun/activation/jakarta.activation/1.2.1/jakarta.activation-1.2.1.jar:/Users/ricardtorrents/.m2/repository/org/jboss/resteasy/resteasy-client-microprofile/4.5.9.Final/resteasy-client-microprofile-4.5.9.Final.jar:/Users/ricardtorrents/.m2/repository/org/jboss/resteasy/resteasy-client/4.5.9.Final/resteasy-client-4.5.9.Final.jar:/Users/ricardtorrents/.m2/repository/org/jboss/resteasy/resteasy-client-api/4.5.9.Final/resteasy-client-api-4.5.9.Final.jar:/Users/ricardtorrents/.m2/repository/org/eclipse/microprofile/rest/client/microprofile-rest-client-api/1.4.1/microprofile-rest-client-api-1.4.1.jar:/Users/ricardtorrents/.m2/repository/jakarta/interceptor/jakarta.interceptor-api/1.2.5/jakarta.interceptor-api-1.2.5.jar:/Users/ricardtorrents/.m2/repository/org/apache/httpcomponents/httpasyncclient/4.1.4/httpasyncclient-4.1.4.jar:/Users/ricardtorrents/.m2/repository/org/apache/httpcomponents/httpcore/4.4.14/httpcore-4.4.14.jar:/Users/ricardtorrents/.m2/repository/org/apache/httpcomponents/httpcore-nio/4.4.14/httpcore-nio-4.4.14.jar:/Users/ricardtorrents/.m2/repository/org/jboss/logging/commons-logging-jboss-logging/1.0.0.Final/commons-logging-jboss-logging-1.0.0.Final.jar:/Users/ricardtorrents/.m2/repository/io/quarkus/quarkus-resteasy-jsonb/1.12.2.Final/quarkus-resteasy-jsonb-1.12.2.Final.jar:/Users/ricardtorrents/.m2/repository/io/quarkus/quarkus-resteasy/1.12.2.Final/quarkus-resteasy-1.12.2.Final.jar:/Users/ricardtorrents/.m2/repository/io/quarkus/quarkus-vertx-http/1.12.2.Final/quarkus-vertx-http-1.12.2.Final.jar:/Users/ricardtorrents/.m2/repository/io/quarkus/quarkus-security-runtime-spi/1.12.2.Final/quarkus-security-runtime-spi-1.12.2.Final.jar:/Users/ricardtorrents/.m2/repository/io/quarkus/quarkus-vertx-http-dev-console-runtime-spi/1.12.2.Final/quarkus-vertx-http-dev-console-runtime-spi-1.12.2.Final.jar:/Users/ricardtorrents/.m2/repository/io/quarkus/security/quarkus-security/1.1.3.Final/quarkus-security-1.1.3.Final.jar:/Users/ricardtorrents/.m2/repository/io/smallrye/reactive/mutiny/0.13.0/mutiny-0.13.0.jar:/Users/ricardtorrents/.m2/repository/io/quarkus/quarkus-vertx-core/1.12.2.Final/quarkus-vertx-core-1.12.2.Final.jar:/Users/ricardtorrents/.m2/repository/io/quarkus/quarkus-netty/1.12.2.Final/quarkus-netty-1.12.2.Final.jar:/Users/ricardtorrents/.m2/repository/io/netty/netty-codec/4.1.49.Final/netty-codec-4.1.49.Final.jar:/Users/ricardtorrents/.m2/repository/io/netty/netty-handler/4.1.49.Final/netty-handler-4.1.49.Final.jar:/Users/ricardtorrents/.m2/repository/io/vertx/vertx-core/3.9.5/vertx-core-3.9.5.jar:/Users/ricardtorrents/.m2/repository/io/netty/netty-common/4.1.49.Final/netty-common-4.1.49.Final.jar:/Users/ricardtorrents/.m2/repository/io/netty/netty-buffer/4.1.49.Final/netty-buffer-4.1.49.Final.jar:/Users/ricardtorrents/.m2/repository/io/netty/netty-transport/4.1.49.Final/netty-transport-4.1.49.Final.jar:/Users/ricardtorrents/.m2/repository/io/netty/netty-handler-proxy/4.1.49.Final/netty-handler-proxy-4.1.49.Final.jar:/Users/ricardtorrents/.m2/repository/io/netty/netty-codec-socks/4.1.49.Final/netty-codec-socks-4.1.49.Final.jar:/Users/ricardtorrents/.m2/repository/io/netty/netty-codec-http/4.1.49.Final/netty-codec-http-4.1.49.Final.jar:/Users/ricardtorrents/.m2/repository/io/netty/netty-codec-http2/4.1.49.Final/netty-codec-http2-4.1.49.Final.jar:/Users/ricardtorrents/.m2/repository/io/netty/netty-resolver/4.1.49.Final/netty-resolver-4.1.49.Final.jar:/Users/ricardtorrents/.m2/repository/io/netty/netty-resolver-dns/4.1.49.Final/netty-resolver-dns-4.1.49.Final.jar:/Users/ricardtorrents/.m2/repository/io/netty/netty-codec-dns/4.1.49.Final/netty-codec-dns-4.1.49.Final.jar:/Users/ricardtorrents/.m2/repository/io/vertx/vertx-web/3.9.5/vertx-web-3.9.5.jar:/Users/ricardtorrents/.m2/repository/io/vertx/vertx-web-common/3.9.5/vertx-web-common-3.9.5.jar:/Users/ricardtorrents/.m2/repository/io/vertx/vertx-auth-common/3.9.5/vertx-auth-common-3.9.5.jar:/Users/ricardtorrents/.m2/repository/io/vertx/vertx-bridge-common/3.9.5/vertx-bridge-common-3.9.5.jar:/Users/ricardtorrents/.m2/repository/io/quarkus/quarkus-resteasy-server-common/1.12.2.Final/quarkus-resteasy-server-common-1.12.2.Final.jar:/Users/ricardtorrents/.m2/repository/jakarta/validation/jakarta.validation-api/2.0.2/jakarta.validation-api-2.0.2.jar:/Users/ricardtorrents/.m2/repository/io/quarkus/quarkus-resteasy-jackson/1.12.2.Final/quarkus-resteasy-jackson-1.12.2.Final.jar:/Users/ricardtorrents/.m2/repository/io/quarkus/quarkus-jackson/1.12.2.Final/quarkus-jackson-1.12.2.Final.jar:/Users/ricardtorrents/.m2/repository/com/fasterxml/jackson/core/jackson-databind/2.12.1/jackson-databind-2.12.1.jar:/Users/ricardtorrents/.m2/repository/com/fasterxml/jackson/datatype/jackson-datatype-jsr310/2.12.1/jackson-datatype-jsr310-2.12.1.jar:/Users/ricardtorrents/.m2/repository/com/fasterxml/jackson/datatype/jackson-datatype-jdk8/2.12.1/jackson-datatype-jdk8-2.12.1.jar:/Users/ricardtorrents/.m2/repository/com/fasterxml/jackson/module/jackson-module-parameter-names/2.12.1/jackson-module-parameter-names-2.12.1.jar:/Users/ricardtorrents/.m2/repository/org/jboss/resteasy/resteasy-jackson2-provider/4.5.9.Final/resteasy-jackson2-provider-4.5.9.Final.jar:/Users/ricardtorrents/.m2/repository/com/fasterxml/jackson/core/jackson-core/2.12.1/jackson-core-2.12.1.jar:/Users/ricardtorrents/.m2/repository/com/fasterxml/jackson/core/jackson-annotations/2.12.1/jackson-annotations-2.12.1.jar:/Users/ricardtorrents/.m2/repository/com/fasterxml/jackson/jaxrs/jackson-jaxrs-json-provider/2.12.1/jackson-jaxrs-json-provider-2.12.1.jar:/Users/ricardtorrents/.m2/repository/com/fasterxml/jackson/jaxrs/jackson-jaxrs-base/2.12.1/jackson-jaxrs-base-2.12.1.jar:/Users/ricardtorrents/.m2/repository/com/fasterxml/jackson/module/jackson-module-jaxb-annotations/2.12.1/jackson-module-jaxb-annotations-2.12.1.jar:/Users/ricardtorrents/.m2/repository/com/github/java-json-tools/json-patch/1.13/json-patch-1.13.jar:/Users/ricardtorrents/.m2/repository/com/github/java-json-tools/msg-simple/1.2/msg-simple-1.2.jar:/Users/ricardtorrents/.m2/repository/com/github/java-json-tools/btf/1.3/btf-1.3.jar:/Users/ricardtorrents/.m2/repository/com/github/java-json-tools/jackson-coreutils/2.0/jackson-coreutils-2.0.jar:/Users/ricardtorrents/.m2/repository/org/jboss/spec/javax/xml/bind/jboss-jaxb-api_2.3_spec/2.0.0.Final/jboss-jaxb-api_2.3_spec-2.0.0.Final.jar:/Users/ricardtorrents/.m2/repository/io/quarkus/quarkus-rest-client-jaxb/1.12.2.Final/quarkus-rest-client-jaxb-1.12.2.Final.jar:/Users/ricardtorrents/.m2/repository/io/quarkus/quarkus-jaxb/1.12.2.Final/quarkus-jaxb-1.12.2.Final.jar:/Users/ricardtorrents/.m2/repository/io/quarkus/quarkus-jaxp/1.12.2.Final/quarkus-jaxp-1.12.2.Final.jar:/Users/ricardtorrents/.m2/repository/org/glassfish/jaxb/jaxb-runtime/2.3.3-b02/jaxb-runtime-2.3.3-b02.jar:/Users/ricardtorrents/.m2/repository/org/glassfish/jaxb/txw2/2.3.3-b02/txw2-2.3.3-b02.jar:/Users/ricardtorrents/.m2/repository/com/sun/istack/istack-commons-runtime/3.0.10/istack-commons-runtime-3.0.10.jar:/Users/ricardtorrents/.m2/repository/org/jboss/resteasy/resteasy-jaxb-provider/4.5.9.Final/resteasy-jaxb-provider-4.5.9.Final.jar:/Users/ricardtorrents/.m2/repository/io/quarkus/quarkus-arc/1.12.2.Final/quarkus-arc-1.12.2.Final.jar:/Users/ricardtorrents/.m2/repository/io/quarkus/arc/arc/1.12.2.Final/arc-1.12.2.Final.jar:/Users/ricardtorrents/.m2/repository/jakarta/transaction/jakarta.transaction-api/1.3.3/jakarta.transaction-api-1.3.3.jar:/Users/ricardtorrents/.m2/repository/org/eclipse/microprofile/context-propagation/microprofile-context-propagation-api/1.0.1/microprofile-context-propagation-api-1.0.1.jar:/Users/ricardtorrents/.m2/repository/io/quarkus/quarkus-junit5/1.12.2.Final/quarkus-junit5-1.12.2.Final.jar:/Users/ricardtorrents/.m2/repository/io/quarkus/quarkus-bootstrap-core/1.12.2.Final/quarkus-bootstrap-core-1.12.2.Final.jar:/Users/ricardtorrents/.m2/repository/io/quarkus/quarkus-bootstrap-app-model/1.12.2.Final/quarkus-bootstrap-app-model-1.12.2.Final.jar:/Users/ricardtorrents/.m2/repository/io/quarkus/quarkus-bootstrap-maven-resolver/1.12.2.Final/quarkus-bootstrap-maven-resolver-1.12.2.Final.jar:/Users/ricardtorrents/.m2/repository/org/apache/maven/maven-embedder/3.6.3/maven-embedder-3.6.3.jar:/Users/ricardtorrents/.m2/repository/org/apache/maven/maven-settings/3.6.3/maven-settings-3.6.3.jar:/Users/ricardtorrents/.m2/repository/org/apache/maven/maven-core/3.6.3/maven-core-3.6.3.jar:/Users/ricardtorrents/.m2/repository/org/apache/maven/maven-artifact/3.6.3/maven-artifact-3.6.3.jar:/Users/ricardtorrents/.m2/repository/org/codehaus/plexus/plexus-component-annotations/2.1.0/plexus-component-annotations-2.1.0.jar:/Users/ricardtorrents/.m2/repository/org/apache/maven/maven-plugin-api/3.6.3/maven-plugin-api-3.6.3.jar:/Users/ricardtorrents/.m2/repository/org/apache/maven/maven-model/3.6.3/maven-model-3.6.3.jar:/Users/ricardtorrents/.m2/repository/org/apache/maven/maven-model-builder/3.6.3/maven-model-builder-3.6.3.jar:/Users/ricardtorrents/.m2/repository/org/apache/maven/maven-builder-support/3.6.3/maven-builder-support-3.6.3.jar:/Users/ricardtorrents/.m2/repository/org/apache/maven/resolver/maven-resolver-api/1.4.1/maven-resolver-api-1.4.1.jar:/Users/ricardtorrents/.m2/repository/org/apache/maven/resolver/maven-resolver-util/1.4.1/maven-resolver-util-1.4.1.jar:/Users/ricardtorrents/.m2/repository/org/apache/maven/shared/maven-shared-utils/3.2.1/maven-shared-utils-3.2.1.jar:/Users/ricardtorrents/.m2/repository/com/google/inject/guice/4.2.1/guice-4.2.1-no_aop.jar:/Users/ricardtorrents/.m2/repository/com/google/guava/guava/30.1-jre/guava-30.1-jre.jar:/Users/ricardtorrents/.m2/repository/com/google/guava/failureaccess/1.0.1/failureaccess-1.0.1.jar:/Users/ricardtorrents/.m2/repository/com/google/guava/listenablefuture/9999.0-empty-to-avoid-conflict-with-guava/listenablefuture-9999.0-empty-to-avoid-conflict-with-guava.jar:/Users/ricardtorrents/.m2/repository/org/codehaus/plexus/plexus-utils/3.2.1/plexus-utils-3.2.1.jar:/Users/ricardtorrents/.m2/repository/org/codehaus/plexus/plexus-classworlds/2.6.0/plexus-classworlds-2.6.0.jar:/Users/ricardtorrents/.m2/repository/commons-cli/commons-cli/1.4/commons-cli-1.4.jar:/Users/ricardtorrents/.m2/repository/org/eclipse/sisu/org.eclipse.sisu.plexus/0.3.4/org.eclipse.sisu.plexus-0.3.4.jar:/Users/ricardtorrents/.m2/repository/org/apache/maven/maven-settings-builder/3.6.3/maven-settings-builder-3.6.3.jar:/Users/ricardtorrents/.m2/repository/org/codehaus/plexus/plexus-interpolation/1.25/plexus-interpolation-1.25.jar:/Users/ricardtorrents/.m2/repository/org/sonatype/plexus/plexus-sec-dispatcher/1.4/plexus-sec-dispatcher-1.4.jar:/Users/ricardtorrents/.m2/repository/org/sonatype/plexus/plexus-cipher/1.4/plexus-cipher-1.4.jar:/Users/ricardtorrents/.m2/repository/org/apache/maven/maven-resolver-provider/3.6.3/maven-resolver-provider-3.6.3.jar:/Users/ricardtorrents/.m2/repository/org/apache/maven/maven-repository-metadata/3.6.3/maven-repository-metadata-3.6.3.jar:/Users/ricardtorrents/.m2/repository/org/apache/maven/resolver/maven-resolver-spi/1.4.1/maven-resolver-spi-1.4.1.jar:/Users/ricardtorrents/.m2/repository/org/apache/maven/resolver/maven-resolver-impl/1.4.1/maven-resolver-impl-1.4.1.jar:/Users/ricardtorrents/.m2/repository/org/apache/maven/resolver/maven-resolver-connector-basic/1.4.1/maven-resolver-connector-basic-1.4.1.jar:/Users/ricardtorrents/.m2/repository/org/apache/maven/resolver/maven-resolver-transport-wagon/1.4.1/maven-resolver-transport-wagon-1.4.1.jar:/Users/ricardtorrents/.m2/repository/org/apache/maven/wagon/wagon-http/3.3.4/wagon-http-3.3.4.jar:/Users/ricardtorrents/.m2/repository/org/apache/maven/wagon/wagon-http-shared/3.3.4/wagon-http-shared-3.3.4.jar:/Users/ricardtorrents/.m2/repository/org/jsoup/jsoup/1.12.1/jsoup-1.12.1.jar:/Users/ricardtorrents/.m2/repository/org/apache/maven/wagon/wagon-provider-api/3.3.4/wagon-provider-api-3.3.4.jar:/Users/ricardtorrents/.m2/repository/org/apache/maven/wagon/wagon-file/3.3.4/wagon-file-3.3.4.jar:/Users/ricardtorrents/.m2/repository/io/quarkus/quarkus-bootstrap-gradle-resolver/1.12.2.Final/quarkus-bootstrap-gradle-resolver-1.12.2.Final.jar:/Users/ricardtorrents/.m2/repository/io/smallrye/common/smallrye-common-io/1.5.0/smallrye-common-io-1.5.0.jar:/Users/ricardtorrents/.m2/repository/org/eclipse/sisu/org.eclipse.sisu.inject/0.3.4/org.eclipse.sisu.inject-0.3.4.jar:/Users/ricardtorrents/.m2/repository/io/quarkus/quarkus-test-common/1.12.2.Final/quarkus-test-common-1.12.2.Final.jar:/Users/ricardtorrents/.m2/repository/io/quarkus/quarkus-core-deployment/1.12.2.Final/quarkus-core-deployment-1.12.2.Final.jar:/Users/ricardtorrents/.m2/repository/io/quarkus/gizmo/gizmo/1.0.6.Final/gizmo-1.0.6.Final.jar:/Users/ricardtorrents/.m2/repository/org/ow2/asm/asm-util/9.0/asm-util-9.0.jar:/Users/ricardtorrents/.m2/repository/org/ow2/asm/asm-tree/9.0/asm-tree-9.0.jar:/Users/ricardtorrents/.m2/repository/org/ow2/asm/asm-analysis/9.0/asm-analysis-9.0.jar:/Users/ricardtorrents/.m2/repository/org/ow2/asm/asm/9.0/asm-9.0.jar:/Users/ricardtorrents/.m2/repository/io/quarkus/quarkus-class-change-agent/1.12.2.Final/quarkus-class-change-agent-1.12.2.Final.jar:/Users/ricardtorrents/.m2/repository/io/quarkus/quarkus-devtools-utilities/1.12.2.Final/quarkus-devtools-utilities-1.12.2.Final.jar:/Users/ricardtorrents/.m2/repository/io/quarkus/quarkus-builder/1.12.2.Final/quarkus-builder-1.12.2.Final.jar:/Users/ricardtorrents/.m2/repository/io/quarkus/quarkus-jsonp-deployment/1.12.2.Final/quarkus-jsonp-deployment-1.12.2.Final.jar:/Users/ricardtorrents/.m2/repository/org/jboss/jandex/2.2.3.Final/jandex-2.2.3.Final.jar:/Users/ricardtorrents/.m2/repository/org/junit/jupiter/junit-jupiter/5.7.1/junit-jupiter-5.7.1.jar:/Users/ricardtorrents/.m2/repository/org/junit/jupiter/junit-jupiter-api/5.7.1/junit-jupiter-api-5.7.1.jar:/Users/ricardtorrents/.m2/repository/org/apiguardian/apiguardian-api/1.1.0/apiguardian-api-1.1.0.jar:/Users/ricardtorrents/.m2/repository/org/opentest4j/opentest4j/1.2.0/opentest4j-1.2.0.jar:/Users/ricardtorrents/.m2/repository/org/junit/platform/junit-platform-commons/1.7.1/junit-platform-commons-1.7.1.jar:/Users/ricardtorrents/.m2/repository/org/junit/jupiter/junit-jupiter-params/5.7.1/junit-jupiter-params-5.7.1.jar:/Users/ricardtorrents/.m2/repository/org/junit/jupiter/junit-jupiter-engine/5.7.1/junit-jupiter-engine-5.7.1.jar:/Users/ricardtorrents/.m2/repository/org/junit/platform/junit-platform-engine/1.7.1/junit-platform-engine-1.7.1.jar:/Users/ricardtorrents/.m2/repository/com/thoughtworks/xstream/xstream/1.4.15/xstream-1.4.15.jar:/Users/ricardtorrents/.m2/repository/xmlpull/xmlpull/1.1.3.1/xmlpull-1.1.3.1.jar:/Users/ricardtorrents/.m2/repository/xpp3/xpp3_min/1.1.4c/xpp3_min-1.1.4c.jar:/Users/ricardtorrents/.m2/repository/io/rest-assured/rest-assured/4.3.3/rest-assured-4.3.3.jar:/Users/ricardtorrents/.m2/repository/org/codehaus/groovy/groovy/3.0.5/groovy-3.0.5.jar:/Users/ricardtorrents/.m2/repository/org/codehaus/groovy/groovy-xml/3.0.7/groovy-xml-3.0.7.jar:/Users/ricardtorrents/.m2/repository/org/apache/httpcomponents/httpclient/4.5.13/httpclient-4.5.13.jar:/Users/ricardtorrents/.m2/repository/commons-codec/commons-codec/1.14/commons-codec-1.14.jar:/Users/ricardtorrents/.m2/repository/org/apache/httpcomponents/httpmime/4.5.13/httpmime-4.5.13.jar:/Users/ricardtorrents/.m2/repository/org/hamcrest/hamcrest/2.1/hamcrest-2.1.jar:/Users/ricardtorrents/.m2/repository/org/ccil/cowan/tagsoup/tagsoup/1.2.1/tagsoup-1.2.1.jar:/Users/ricardtorrents/.m2/repository/io/rest-assured/json-path/4.3.3/json-path-4.3.3.jar:/Users/ricardtorrents/.m2/repository/org/codehaus/groovy/groovy-json/3.0.5/groovy-json-3.0.5.jar:/Users/ricardtorrents/.m2/repository/io/rest-assured/rest-assured-common/4.3.3/rest-assured-common-4.3.3.jar:/Users/ricardtorrents/.m2/repository/io/rest-assured/xml-path/4.3.3/xml-path-4.3.3.jar:/Users/ricardtorrents/.m2/repository/org/apache/commons/commons-lang3/3.11/commons-lang3-3.11.jar:/Users/ricardtorrents/.m2/repository/jakarta/xml/bind/jakarta.xml.bind-api/2.3.3/jakarta.xml.bind-api-2.3.3.jar:/Users/ricardtorrents/.m2/repository/jakarta/activation/jakarta.activation-api/1.2.1/jakarta.activation-api-1.2.1.jar:/Users/ricardtorrents/.m2/repository/com/sun/xml/bind/jaxb-impl/2.3.3/jaxb-impl-2.3.3.jar:"/>
    <property name="java.vm.vendor" value="Amazon.com Inc."/>
    <property name="sun.arch.data.model" value="64"/>
    <property name="java.vendor.url" value="https://aws.amazon.com/corretto/"/>
    <property name="user.timezone" value="Europe/Madrid"/>
    <property name="java.vm.specification.version" value="11"/>
    <property name="os.name" value="Mac OS X"/>
    <property name="user.country" value="ES"/>
    <property name="sun.java.launcher" value="SUN_STANDARD"/>
    <property name="sun.boot.library.path" value="/Users/ricardtorrents/Library/Java/JavaVirtualMachines/corretto-11.0.10/Contents/Home/lib"/>
    <property name="sun.java.command" value="/Users/ricardtorrents/Documents/Master/ModelsDevSoftware/mdas-mds-api-ci-cd/target/surefire/surefirebooter11438177110215799966.jar /Users/ricardtorrents/Documents/Master/ModelsDevSoftware/mdas-mds-api-ci-cd/target/surefire 2021-03-17T22-34-21_367-jvmRun1 surefire12641689686608673997tmp surefire_05424993898766071746tmp"/>
    <property name="http.nonProxyHosts" value="local|*.local|169.254/16|*.169.254/16"/>
    <property name="jdk.debug" value="release"/>
    <property name="maven.home" value="/Applications/IntelliJ IDEA.app/Contents/plugins/maven/lib/maven3"/>
    <property name="surefire.test.class.path" value="/Users/ricardtorrents/Documents/Master/ModelsDevSoftware/mdas-mds-api-ci-cd/target/test-classes:/Users/ricardtorrents/Documents/Master/ModelsDevSoftware/mdas-mds-api-ci-cd/target/classes:/Users/ricardtorrents/.m2/repository/io/quarkus/quarkus-rest-client-jsonb/1.12.2.Final/quarkus-rest-client-jsonb-1.12.2.Final.jar:/Users/ricardtorrents/.m2/repository/io/quarkus/quarkus-jsonb/1.12.2.Final/quarkus-jsonb-1.12.2.Final.jar:/Users/ricardtorrents/.m2/repository/org/eclipse/yasson/1.0.8/yasson-1.0.8.jar:/Users/ricardtorrents/.m2/repository/io/quarkus/quarkus-jsonp/1.12.2.Final/quarkus-jsonp-1.12.2.Final.jar:/Users/ricardtorrents/.m2/repository/org/jboss/resteasy/resteasy-json-binding-provider/4.5.9.Final/resteasy-json-binding-provider-4.5.9.Final.jar:/Users/ricardtorrents/.m2/repository/org/glassfish/jakarta.json/1.1.6/jakarta.json-1.1.6.jar:/Users/ricardtorrents/.m2/repository/jakarta/json/bind/jakarta.json.bind-api/1.0.2/jakarta.json.bind-api-1.0.2.jar:/Users/ricardtorrents/.m2/repository/org/jboss/logging/jboss-logging/3.4.1.Final/jboss-logging-3.4.1.Final.jar:/Users/ricardtorrents/.m2/repository/org/jboss/resteasy/resteasy-json-p-provider/4.5.9.Final/resteasy-json-p-provider-4.5.9.Final.jar:/Users/ricardtorrents/.m2/repository/commons-io/commons-io/2.8.0/commons-io-2.8.0.jar:/Users/ricardtorrents/.m2/repository/io/quarkus/quarkus-rest-client/1.12.2.Final/quarkus-rest-client-1.12.2.Final.jar:/Users/ricardtorrents/.m2/repository/io/quarkus/quarkus-core/1.12.2.Final/quarkus-core-1.12.2.Final.jar:/Users/ricardtorrents/.m2/repository/jakarta/annotation/jakarta.annotation-api/1.3.5/jakarta.annotation-api-1.3.5.jar:/Users/ricardtorrents/.m2/repository/jakarta/enterprise/jakarta.enterprise.cdi-api/2.0.2/jakarta.enterprise.cdi-api-2.0.2.jar:/Users/ricardtorrents/.m2/repository/jakarta/el/jakarta.el-api/3.0.3/jakarta.el-api-3.0.3.jar:/Users/ricardtorrents/.m2/repository/jakarta/inject/jakarta.inject-api/1.0/jakarta.inject-api-1.0.jar:/Users/ricardtorrents/.m2/repository/io/quarkus/quarkus-ide-launcher/1.12.2.Final/quarkus-ide-launcher-1.12.2.Final.jar:/Users/ricardtorrents/.m2/repository/io/quarkus/quarkus-development-mode-spi/1.12.2.Final/quarkus-development-mode-spi-1.12.2.Final.jar:/Users/ricardtorrents/.m2/repository/io/smallrye/config/smallrye-config/1.10.2/smallrye-config-1.10.2.jar:/Users/ricardtorrents/.m2/repository/io/smallrye/common/smallrye-common-annotation/1.5.0/smallrye-common-annotation-1.5.0.jar:/Users/ricardtorrents/.m2/repository/io/smallrye/config/smallrye-config-common/1.10.2/smallrye-config-common-1.10.2.jar:/Users/ricardtorrents/.m2/repository/io/smallrye/common/smallrye-common-expression/1.5.0/smallrye-common-expression-1.5.0.jar:/Users/ricardtorrents/.m2/repository/io/smallrye/common/smallrye-common-function/1.5.0/smallrye-common-function-1.5.0.jar:/Users/ricardtorrents/.m2/repository/io/smallrye/common/smallrye-common-constraint/1.5.0/smallrye-common-constraint-1.5.0.jar:/Users/ricardtorrents/.m2/repository/io/smallrye/common/smallrye-common-classloader/1.5.0/smallrye-common-classloader-1.5.0.jar:/Users/ricardtorrents/.m2/repository/org/jboss/logmanager/jboss-logmanager-embedded/1.0.6/jboss-logmanager-embedded-1.0.6.jar:/Users/ricardtorrents/.m2/repository/org/jboss/logging/jboss-logging-annotations/2.2.0.Final/jboss-logging-annotations-2.2.0.Final.jar:/Users/ricardtorrents/.m2/repository/org/jboss/threads/jboss-threads/3.2.0.Final/jboss-threads-3.2.0.Final.jar:/Users/ricardtorrents/.m2/repository/org/slf4j/slf4j-api/1.7.30/slf4j-api-1.7.30.jar:/Users/ricardtorrents/.m2/repository/org/jboss/slf4j/slf4j-jboss-logmanager/1.1.0.Final/slf4j-jboss-logmanager-1.1.0.Final.jar:/Users/ricardtorrents/.m2/repository/org/graalvm/sdk/graal-sdk/21.0.0/graal-sdk-21.0.0.jar:/Users/ricardtorrents/.m2/repository/org/wildfly/common/wildfly-common/1.5.4.Final-format-001/wildfly-common-1.5.4.Final-format-001.jar:/Users/ricardtorrents/.m2/repository/io/quarkus/quarkus-bootstrap-runner/1.12.2.Final/quarkus-bootstrap-runner-1.12.2.Final.jar:/Users/ricardtorrents/.m2/repository/io/quarkus/quarkus-resteasy-common/1.12.2.Final/quarkus-resteasy-common-1.12.2.Final.jar:/Users/ricardtorrents/.m2/repository/org/jboss/resteasy/resteasy-core/4.5.9.Final/resteasy-core-4.5.9.Final.jar:/Users/ricardtorrents/.m2/repository/org/jboss/spec/javax/ws/rs/jboss-jaxrs-api_2.1_spec/2.0.1.Final/jboss-jaxrs-api_2.1_spec-2.0.1.Final.jar:/Users/ricardtorrents/.m2/repository/org/jboss/resteasy/resteasy-core-spi/4.5.9.Final/resteasy-core-spi-4.5.9.Final.jar:/Users/ricardtorrents/.m2/repository/org/reactivestreams/reactive-streams/1.0.3/reactive-streams-1.0.3.jar:/Users/ricardtorrents/.m2/repository/com/ibm/async/asyncutil/0.1.0/asyncutil-0.1.0.jar:/Users/ricardtorrents/.m2/repository/org/eclipse/microprofile/config/microprofile-config-api/1.4/microprofile-config-api-1.4.jar:/Users/ricardtorrents/.m2/repository/com/sun/activation/jakarta.activation/1.2.1/jakarta.activation-1.2.1.jar:/Users/ricardtorrents/.m2/repository/org/jboss/resteasy/resteasy-client-microprofile/4.5.9.Final/resteasy-client-microprofile-4.5.9.Final.jar:/Users/ricardtorrents/.m2/repository/org/jboss/resteasy/resteasy-client/4.5.9.Final/resteasy-client-4.5.9.Final.jar:/Users/ricardtorrents/.m2/repository/org/jboss/resteasy/resteasy-client-api/4.5.9.Final/resteasy-client-api-4.5.9.Final.jar:/Users/ricardtorrents/.m2/repository/org/eclipse/microprofile/rest/client/microprofile-rest-client-api/1.4.1/microprofile-rest-client-api-1.4.1.jar:/Users/ricardtorrents/.m2/repository/jakarta/interceptor/jakarta.interceptor-api/1.2.5/jakarta.interceptor-api-1.2.5.jar:/Users/ricardtorrents/.m2/repository/org/apache/httpcomponents/httpasyncclient/4.1.4/httpasyncclient-4.1.4.jar:/Users/ricardtorrents/.m2/repository/org/apache/httpcomponents/httpcore/4.4.14/httpcore-4.4.14.jar:/Users/ricardtorrents/.m2/repository/org/apache/httpcomponents/httpcore-nio/4.4.14/httpcore-nio-4.4.14.jar:/Users/ricardtorrents/.m2/repository/org/jboss/logging/commons-logging-jboss-logging/1.0.0.Final/commons-logging-jboss-logging-1.0.0.Final.jar:/Users/ricardtorrents/.m2/repository/io/quarkus/quarkus-resteasy-jsonb/1.12.2.Final/quarkus-resteasy-jsonb-1.12.2.Final.jar:/Users/ricardtorrents/.m2/repository/io/quarkus/quarkus-resteasy/1.12.2.Final/quarkus-resteasy-1.12.2.Final.jar:/Users/ricardtorrents/.m2/repository/io/quarkus/quarkus-vertx-http/1.12.2.Final/quarkus-vertx-http-1.12.2.Final.jar:/Users/ricardtorrents/.m2/repository/io/quarkus/quarkus-security-runtime-spi/1.12.2.Final/quarkus-security-runtime-spi-1.12.2.Final.jar:/Users/ricardtorrents/.m2/repository/io/quarkus/quarkus-vertx-http-dev-console-runtime-spi/1.12.2.Final/quarkus-vertx-http-dev-console-runtime-spi-1.12.2.Final.jar:/Users/ricardtorrents/.m2/repository/io/quarkus/security/quarkus-security/1.1.3.Final/quarkus-security-1.1.3.Final.jar:/Users/ricardtorrents/.m2/repository/io/smallrye/reactive/mutiny/0.13.0/mutiny-0.13.0.jar:/Users/ricardtorrents/.m2/repository/io/quarkus/quarkus-vertx-core/1.12.2.Final/quarkus-vertx-core-1.12.2.Final.jar:/Users/ricardtorrents/.m2/repository/io/quarkus/quarkus-netty/1.12.2.Final/quarkus-netty-1.12.2.Final.jar:/Users/ricardtorrents/.m2/repository/io/netty/netty-codec/4.1.49.Final/netty-codec-4.1.49.Final.jar:/Users/ricardtorrents/.m2/repository/io/netty/netty-handler/4.1.49.Final/netty-handler-4.1.49.Final.jar:/Users/ricardtorrents/.m2/repository/io/vertx/vertx-core/3.9.5/vertx-core-3.9.5.jar:/Users/ricardtorrents/.m2/repository/io/netty/netty-common/4.1.49.Final/netty-common-4.1.49.Final.jar:/Users/ricardtorrents/.m2/repository/io/netty/netty-buffer/4.1.49.Final/netty-buffer-4.1.49.Final.jar:/Users/ricardtorrents/.m2/repository/io/netty/netty-transport/4.1.49.Final/netty-transport-4.1.49.Final.jar:/Users/ricardtorrents/.m2/repository/io/netty/netty-handler-proxy/4.1.49.Final/netty-handler-proxy-4.1.49.Final.jar:/Users/ricardtorrents/.m2/repository/io/netty/netty-codec-socks/4.1.49.Final/netty-codec-socks-4.1.49.Final.jar:/Users/ricardtorrents/.m2/repository/io/netty/netty-codec-http/4.1.49.Final/netty-codec-http-4.1.49.Final.jar:/Users/ricardtorrents/.m2/repository/io/netty/netty-codec-http2/4.1.49.Final/netty-codec-http2-4.1.49.Final.jar:/Users/ricardtorrents/.m2/repository/io/netty/netty-resolver/4.1.49.Final/netty-resolver-4.1.49.Final.jar:/Users/ricardtorrents/.m2/repository/io/netty/netty-resolver-dns/4.1.49.Final/netty-resolver-dns-4.1.49.Final.jar:/Users/ricardtorrents/.m2/repository/io/netty/netty-codec-dns/4.1.49.Final/netty-codec-dns-4.1.49.Final.jar:/Users/ricardtorrents/.m2/repository/io/vertx/vertx-web/3.9.5/vertx-web-3.9.5.jar:/Users/ricardtorrents/.m2/repository/io/vertx/vertx-web-common/3.9.5/vertx-web-common-3.9.5.jar:/Users/ricardtorrents/.m2/repository/io/vertx/vertx-auth-common/3.9.5/vertx-auth-common-3.9.5.jar:/Users/ricardtorrents/.m2/repository/io/vertx/vertx-bridge-common/3.9.5/vertx-bridge-common-3.9.5.jar:/Users/ricardtorrents/.m2/repository/io/quarkus/quarkus-resteasy-server-common/1.12.2.Final/quarkus-resteasy-server-common-1.12.2.Final.jar:/Users/ricardtorrents/.m2/repository/jakarta/validation/jakarta.validation-api/2.0.2/jakarta.validation-api-2.0.2.jar:/Users/ricardtorrents/.m2/repository/io/quarkus/quarkus-resteasy-jackson/1.12.2.Final/quarkus-resteasy-jackson-1.12.2.Final.jar:/Users/ricardtorrents/.m2/repository/io/quarkus/quarkus-jackson/1.12.2.Final/quarkus-jackson-1.12.2.Final.jar:/Users/ricardtorrents/.m2/repository/com/fasterxml/jackson/core/jackson-databind/2.12.1/jackson-databind-2.12.1.jar:/Users/ricardtorrents/.m2/repository/com/fasterxml/jackson/datatype/jackson-datatype-jsr310/2.12.1/jackson-datatype-jsr310-2.12.1.jar:/Users/ricardtorrents/.m2/repository/com/fasterxml/jackson/datatype/jackson-datatype-jdk8/2.12.1/jackson-datatype-jdk8-2.12.1.jar:/Users/ricardtorrents/.m2/repository/com/fasterxml/jackson/module/jackson-module-parameter-names/2.12.1/jackson-module-parameter-names-2.12.1.jar:/Users/ricardtorrents/.m2/repository/org/jboss/resteasy/resteasy-jackson2-provider/4.5.9.Final/resteasy-jackson2-provider-4.5.9.Final.jar:/Users/ricardtorrents/.m2/repository/com/fasterxml/jackson/core/jackson-core/2.12.1/jackson-core-2.12.1.jar:/Users/ricardtorrents/.m2/repository/com/fasterxml/jackson/core/jackson-annotations/2.12.1/jackson-annotations-2.12.1.jar:/Users/ricardtorrents/.m2/repository/com/fasterxml/jackson/jaxrs/jackson-jaxrs-json-provider/2.12.1/jackson-jaxrs-json-provider-2.12.1.jar:/Users/ricardtorrents/.m2/repository/com/fasterxml/jackson/jaxrs/jackson-jaxrs-base/2.12.1/jackson-jaxrs-base-2.12.1.jar:/Users/ricardtorrents/.m2/repository/com/fasterxml/jackson/module/jackson-module-jaxb-annotations/2.12.1/jackson-module-jaxb-annotations-2.12.1.jar:/Users/ricardtorrents/.m2/repository/com/github/java-json-tools/json-patch/1.13/json-patch-1.13.jar:/Users/ricardtorrents/.m2/repository/com/github/java-json-tools/msg-simple/1.2/msg-simple-1.2.jar:/Users/ricardtorrents/.m2/repository/com/github/java-json-tools/btf/1.3/btf-1.3.jar:/Users/ricardtorrents/.m2/repository/com/github/java-json-tools/jackson-coreutils/2.0/jackson-coreutils-2.0.jar:/Users/ricardtorrents/.m2/repository/org/jboss/spec/javax/xml/bind/jboss-jaxb-api_2.3_spec/2.0.0.Final/jboss-jaxb-api_2.3_spec-2.0.0.Final.jar:/Users/ricardtorrents/.m2/repository/io/quarkus/quarkus-rest-client-jaxb/1.12.2.Final/quarkus-rest-client-jaxb-1.12.2.Final.jar:/Users/ricardtorrents/.m2/repository/io/quarkus/quarkus-jaxb/1.12.2.Final/quarkus-jaxb-1.12.2.Final.jar:/Users/ricardtorrents/.m2/repository/io/quarkus/quarkus-jaxp/1.12.2.Final/quarkus-jaxp-1.12.2.Final.jar:/Users/ricardtorrents/.m2/repository/org/glassfish/jaxb/jaxb-runtime/2.3.3-b02/jaxb-runtime-2.3.3-b02.jar:/Users/ricardtorrents/.m2/repository/org/glassfish/jaxb/txw2/2.3.3-b02/txw2-2.3.3-b02.jar:/Users/ricardtorrents/.m2/repository/com/sun/istack/istack-commons-runtime/3.0.10/istack-commons-runtime-3.0.10.jar:/Users/ricardtorrents/.m2/repository/org/jboss/resteasy/resteasy-jaxb-provider/4.5.9.Final/resteasy-jaxb-provider-4.5.9.Final.jar:/Users/ricardtorrents/.m2/repository/io/quarkus/quarkus-arc/1.12.2.Final/quarkus-arc-1.12.2.Final.jar:/Users/ricardtorrents/.m2/repository/io/quarkus/arc/arc/1.12.2.Final/arc-1.12.2.Final.jar:/Users/ricardtorrents/.m2/repository/jakarta/transaction/jakarta.transaction-api/1.3.3/jakarta.transaction-api-1.3.3.jar:/Users/ricardtorrents/.m2/repository/org/eclipse/microprofile/context-propagation/microprofile-context-propagation-api/1.0.1/microprofile-context-propagation-api-1.0.1.jar:/Users/ricardtorrents/.m2/repository/io/quarkus/quarkus-junit5/1.12.2.Final/quarkus-junit5-1.12.2.Final.jar:/Users/ricardtorrents/.m2/repository/io/quarkus/quarkus-bootstrap-core/1.12.2.Final/quarkus-bootstrap-core-1.12.2.Final.jar:/Users/ricardtorrents/.m2/repository/io/quarkus/quarkus-bootstrap-app-model/1.12.2.Final/quarkus-bootstrap-app-model-1.12.2.Final.jar:/Users/ricardtorrents/.m2/repository/io/quarkus/quarkus-bootstrap-maven-resolver/1.12.2.Final/quarkus-bootstrap-maven-resolver-1.12.2.Final.jar:/Users/ricardtorrents/.m2/repository/org/apache/maven/maven-embedder/3.6.3/maven-embedder-3.6.3.jar:/Users/ricardtorrents/.m2/repository/org/apache/maven/maven-settings/3.6.3/maven-settings-3.6.3.jar:/Users/ricardtorrents/.m2/repository/org/apache/maven/maven-core/3.6.3/maven-core-3.6.3.jar:/Users/ricardtorrents/.m2/repository/org/apache/maven/maven-artifact/3.6.3/maven-artifact-3.6.3.jar:/Users/ricardtorrents/.m2/repository/org/codehaus/plexus/plexus-component-annotations/2.1.0/plexus-component-annotations-2.1.0.jar:/Users/ricardtorrents/.m2/repository/org/apache/maven/maven-plugin-api/3.6.3/maven-plugin-api-3.6.3.jar:/Users/ricardtorrents/.m2/repository/org/apache/maven/maven-model/3.6.3/maven-model-3.6.3.jar:/Users/ricardtorrents/.m2/repository/org/apache/maven/maven-model-builder/3.6.3/maven-model-builder-3.6.3.jar:/Users/ricardtorrents/.m2/repository/org/apache/maven/maven-builder-support/3.6.3/maven-builder-support-3.6.3.jar:/Users/ricardtorrents/.m2/repository/org/apache/maven/resolver/maven-resolver-api/1.4.1/maven-resolver-api-1.4.1.jar:/Users/ricardtorrents/.m2/repository/org/apache/maven/resolver/maven-resolver-util/1.4.1/maven-resolver-util-1.4.1.jar:/Users/ricardtorrents/.m2/repository/org/apache/maven/shared/maven-shared-utils/3.2.1/maven-shared-utils-3.2.1.jar:/Users/ricardtorrents/.m2/repository/com/google/inject/guice/4.2.1/guice-4.2.1-no_aop.jar:/Users/ricardtorrents/.m2/repository/com/google/guava/guava/30.1-jre/guava-30.1-jre.jar:/Users/ricardtorrents/.m2/repository/com/google/guava/failureaccess/1.0.1/failureaccess-1.0.1.jar:/Users/ricardtorrents/.m2/repository/com/google/guava/listenablefuture/9999.0-empty-to-avoid-conflict-with-guava/listenablefuture-9999.0-empty-to-avoid-conflict-with-guava.jar:/Users/ricardtorrents/.m2/repository/org/codehaus/plexus/plexus-utils/3.2.1/plexus-utils-3.2.1.jar:/Users/ricardtorrents/.m2/repository/org/codehaus/plexus/plexus-classworlds/2.6.0/plexus-classworlds-2.6.0.jar:/Users/ricardtorrents/.m2/repository/commons-cli/commons-cli/1.4/commons-cli-1.4.jar:/Users/ricardtorrents/.m2/repository/org/eclipse/sisu/org.eclipse.sisu.plexus/0.3.4/org.eclipse.sisu.plexus-0.3.4.jar:/Users/ricardtorrents/.m2/repository/org/apache/maven/maven-settings-builder/3.6.3/maven-settings-builder-3.6.3.jar:/Users/ricardtorrents/.m2/repository/org/codehaus/plexus/plexus-interpolation/1.25/plexus-interpolation-1.25.jar:/Users/ricardtorrents/.m2/repository/org/sonatype/plexus/plexus-sec-dispatcher/1.4/plexus-sec-dispatcher-1.4.jar:/Users/ricardtorrents/.m2/repository/org/sonatype/plexus/plexus-cipher/1.4/plexus-cipher-1.4.jar:/Users/ricardtorrents/.m2/repository/org/apache/maven/maven-resolver-provider/3.6.3/maven-resolver-provider-3.6.3.jar:/Users/ricardtorrents/.m2/repository/org/apache/maven/maven-repository-metadata/3.6.3/maven-repository-metadata-3.6.3.jar:/Users/ricardtorrents/.m2/repository/org/apache/maven/resolver/maven-resolver-spi/1.4.1/maven-resolver-spi-1.4.1.jar:/Users/ricardtorrents/.m2/repository/org/apache/maven/resolver/maven-resolver-impl/1.4.1/maven-resolver-impl-1.4.1.jar:/Users/ricardtorrents/.m2/repository/org/apache/maven/resolver/maven-resolver-connector-basic/1.4.1/maven-resolver-connector-basic-1.4.1.jar:/Users/ricardtorrents/.m2/repository/org/apache/maven/resolver/maven-resolver-transport-wagon/1.4.1/maven-resolver-transport-wagon-1.4.1.jar:/Users/ricardtorrents/.m2/repository/org/apache/maven/wagon/wagon-http/3.3.4/wagon-http-3.3.4.jar:/Users/ricardtorrents/.m2/repository/org/apache/maven/wagon/wagon-http-shared/3.3.4/wagon-http-shared-3.3.4.jar:/Users/ricardtorrents/.m2/repository/org/jsoup/jsoup/1.12.1/jsoup-1.12.1.jar:/Users/ricardtorrents/.m2/repository/org/apache/maven/wagon/wagon-provider-api/3.3.4/wagon-provider-api-3.3.4.jar:/Users/ricardtorrents/.m2/repository/org/apache/maven/wagon/wagon-file/3.3.4/wagon-file-3.3.4.jar:/Users/ricardtorrents/.m2/repository/io/quarkus/quarkus-bootstrap-gradle-resolver/1.12.2.Final/quarkus-bootstrap-gradle-resolver-1.12.2.Final.jar:/Users/ricardtorrents/.m2/repository/io/smallrye/common/smallrye-common-io/1.5.0/smallrye-common-io-1.5.0.jar:/Users/ricardtorrents/.m2/repository/org/eclipse/sisu/org.eclipse.sisu.inject/0.3.4/org.eclipse.sisu.inject-0.3.4.jar:/Users/ricardtorrents/.m2/repository/io/quarkus/quarkus-test-common/1.12.2.Final/quarkus-test-common-1.12.2.Final.jar:/Users/ricardtorrents/.m2/repository/io/quarkus/quarkus-core-deployment/1.12.2.Final/quarkus-core-deployment-1.12.2.Final.jar:/Users/ricardtorrents/.m2/repository/io/quarkus/gizmo/gizmo/1.0.6.Final/gizmo-1.0.6.Final.jar:/Users/ricardtorrents/.m2/repository/org/ow2/asm/asm-util/9.0/asm-util-9.0.jar:/Users/ricardtorrents/.m2/repository/org/ow2/asm/asm-tree/9.0/asm-tree-9.0.jar:/Users/ricardtorrents/.m2/repository/org/ow2/asm/asm-analysis/9.0/asm-analysis-9.0.jar:/Users/ricardtorrents/.m2/repository/org/ow2/asm/asm/9.0/asm-9.0.jar:/Users/ricardtorrents/.m2/repository/io/quarkus/quarkus-class-change-agent/1.12.2.Final/quarkus-class-change-agent-1.12.2.Final.jar:/Users/ricardtorrents/.m2/repository/io/quarkus/quarkus-devtools-utilities/1.12.2.Final/quarkus-devtools-utilities-1.12.2.Final.jar:/Users/ricardtorrents/.m2/repository/io/quarkus/quarkus-builder/1.12.2.Final/quarkus-builder-1.12.2.Final.jar:/Users/ricardtorrents/.m2/repository/io/quarkus/quarkus-jsonp-deployment/1.12.2.Final/quarkus-jsonp-deployment-1.12.2.Final.jar:/Users/ricardtorrents/.m2/repository/org/jboss/jandex/2.2.3.Final/jandex-2.2.3.Final.jar:/Users/ricardtorrents/.m2/repository/org/junit/jupiter/junit-jupiter/5.7.1/junit-jupiter-5.7.1.jar:/Users/ricardtorrents/.m2/repository/org/junit/jupiter/junit-jupiter-api/5.7.1/junit-jupiter-api-5.7.1.jar:/Users/ricardtorrents/.m2/repository/org/apiguardian/apiguardian-api/1.1.0/apiguardian-api-1.1.0.jar:/Users/ricardtorrents/.m2/repository/org/opentest4j/opentest4j/1.2.0/opentest4j-1.2.0.jar:/Users/ricardtorrents/.m2/repository/org/junit/platform/junit-platform-commons/1.7.1/junit-platform-commons-1.7.1.jar:/Users/ricardtorrents/.m2/repository/org/junit/jupiter/junit-jupiter-params/5.7.1/junit-jupiter-params-5.7.1.jar:/Users/ricardtorrents/.m2/repository/org/junit/jupiter/junit-jupiter-engine/5.7.1/junit-jupiter-engine-5.7.1.jar:/Users/ricardtorrents/.m2/repository/org/junit/platform/junit-platform-engine/1.7.1/junit-platform-engine-1.7.1.jar:/Users/ricardtorrents/.m2/repository/com/thoughtworks/xstream/xstream/1.4.15/xstream-1.4.15.jar:/Users/ricardtorrents/.m2/repository/xmlpull/xmlpull/1.1.3.1/xmlpull-1.1.3.1.jar:/Users/ricardtorrents/.m2/repository/xpp3/xpp3_min/1.1.4c/xpp3_min-1.1.4c.jar:/Users/ricardtorrents/.m2/repository/io/rest-assured/rest-assured/4.3.3/rest-assured-4.3.3.jar:/Users/ricardtorrents/.m2/repository/org/codehaus/groovy/groovy/3.0.5/groovy-3.0.5.jar:/Users/ricardtorrents/.m2/repository/org/codehaus/groovy/groovy-xml/3.0.7/groovy-xml-3.0.7.jar:/Users/ricardtorrents/.m2/repository/org/apache/httpcomponents/httpclient/4.5.13/httpclient-4.5.13.jar:/Users/ricardtorrents/.m2/repository/commons-codec/commons-codec/1.14/commons-codec-1.14.jar:/Users/ricardtorrents/.m2/repository/org/apache/httpcomponents/httpmime/4.5.13/httpmime-4.5.13.jar:/Users/ricardtorrents/.m2/repository/org/hamcrest/hamcrest/2.1/hamcrest-2.1.jar:/Users/ricardtorrents/.m2/repository/org/ccil/cowan/tagsoup/tagsoup/1.2.1/tagsoup-1.2.1.jar:/Users/ricardtorrents/.m2/repository/io/rest-assured/json-path/4.3.3/json-path-4.3.3.jar:/Users/ricardtorrents/.m2/repository/org/codehaus/groovy/groovy-json/3.0.5/groovy-json-3.0.5.jar:/Users/ricardtorrents/.m2/repository/io/rest-assured/rest-assured-common/4.3.3/rest-assured-common-4.3.3.jar:/Users/ricardtorrents/.m2/repository/io/rest-assured/xml-path/4.3.3/xml-path-4.3.3.jar:/Users/ricardtorrents/.m2/repository/org/apache/commons/commons-lang3/3.11/commons-lang3-3.11.jar:/Users/ricardtorrents/.m2/repository/jakarta/xml/bind/jakarta.xml.bind-api/2.3.3/jakarta.xml.bind-api-2.3.3.jar:/Users/ricardtorrents/.m2/repository/jakarta/activation/jakarta.activation-api/1.2.1/jakarta.activation-api-1.2.1.jar:/Users/ricardtorrents/.m2/repository/com/sun/xml/bind/jaxb-impl/2.3.3/jaxb-impl-2.3.3.jar:"/>
    <property name="sun.cpu.endian" value="little"/>
    <property name="user.home" value="/Users/ricardtorrents"/>
    <property name="user.language" value="ca"/>
    <property name="java.specification.vendor" value="Oracle Corporation"/>
    <property name="io.netty.allocator.maxOrder" value="1"/>
    <property name="java.version.date" value="2021-01-19"/>
    <property name="java.home" value="/Users/ricardtorrents/Library/Java/JavaVirtualMachines/corretto-11.0.10/Contents/Home"/>
    <property name="file.separator" value="/"/>
    <property name="basedir" value="/Users/ricardtorrents/Documents/Master/ModelsDevSoftware/mdas-mds-api-ci-cd"/>
    <property name="java.vm.compressedOopsMode" value="Zero based"/>
    <property name="line.separator" value="&#10;"/>
    <property name="java.specification.name" value="Java Platform API Specification"/>
    <property name="java.vm.specification.vendor" value="Oracle Corporation"/>
    <property name="java.awt.graphicsenv" value="sun.awt.CGraphicsEnvironment"/>
    <property name="surefire.real.class.path" value="/Users/ricardtorrents/Documents/Master/ModelsDevSoftware/mdas-mds-api-ci-cd/target/surefire/surefirebooter11438177110215799966.jar"/>
    <property name="sun.management.compiler" value="HotSpot 64-Bit Tiered Compilers"/>
    <property name="ftp.nonProxyHosts" value="local|*.local|169.254/16|*.169.254/16"/>
    <property name="java.runtime.version" value="11.0.10+9-LTS"/>
    <property name="user.name" value="ricardtorrents"/>
    <property name="path.separator" value=":"/>
    <property name="os.version" value="10.16"/>
    <property name="java.runtime.name" value="OpenJDK Runtime Environment"/>
    <property name="file.encoding" value="UTF-8"/>
    <property name="sun.nio.ch.bugLevel" value=""/>
    <property name="java.vm.name" value="OpenJDK 64-Bit Server VM"/>
    <property name="java.vendor.version" value="Corretto-11.0.10.9.1"/>
    <property name="io.netty.noJdkZlibDecoder" value="false"/>
    <property name="localRepository" value="/Users/ricardtorrents/.m2/repository"/>
    <property name="java.vendor.url.bug" value="https://github.com/corretto/corretto-11/issues/"/>
    <property name="java.io.tmpdir" value="/var/folders/v0/5fr86vts60qbsks4z7ktmfvr0000gn/T/"/>
    <property name="quarkus.log.file.path" value="target/quarkus.log"/>
    <property name="idea.version" value="2020.3.2"/>
    <property name="java.version" value="11.0.10"/>
    <property name="user.dir" value="/Users/ricardtorrents/Documents/Master/ModelsDevSoftware/mdas-mds-api-ci-cd"/>
    <property name="os.arch" value="x86_64"/>
    <property name="java.vm.specification.name" value="Java Virtual Machine Specification"/>
    <property name="vertx.disableDnsResolver" value="true"/>
    <property name="java.awt.printerjob" value="sun.lwawt.macosx.CPrinterJob"/>
    <property name="sun.os.patch.level" value="unknown"/>
    <property name="java.util.logging.manager" value="org.jboss.logmanager.LogManager"/>
    <property name="java.library.path" value="/Users/ricardtorrents/Library/Java/Extensions:/Library/Java/Extensions:/Network/Library/Java/Extensions:/System/Library/Java/Extensions:/usr/lib/java:."/>
    <property name="java.vm.info" value="mixed mode"/>
    <property name="java.vendor" value="Amazon.com Inc."/>
    <property name="java.vm.version" value="11.0.10+9-LTS"/>
    <property name="sun.io.unicode.encoding" value="UnicodeBig"/>
    <property name="io.netty.machineId" value="eb:d6:fd:90:32:52:9c:c0"/>
    <property name="java.class.version" value="55.0"/>
    <property name="socksNonProxyHosts" value="local|*.local|169.254/16|*.169.254/16"/>
  </properties>
  <testcase name="testHelloEndpoint" classname="com.mdas.mde.api.HelloControllerTest" time="2.726">
    <system-out><![CDATA[2021-03-17 22:34:29,227 INFO  [io.quarkus] (main) Quarkus 1.12.2.Final on JVM started in 4.047s. Listening on: http://localhost:8081
2021-03-17 22:34:29,240 INFO  [io.quarkus] (main) Profile test activated. 
2021-03-17 22:34:29,240 INFO  [io.quarkus] (main) Installed features: [cdi, rest-client, rest-client-jaxb, rest-client-jsonb, resteasy, resteasy-jackson, resteasy-jsonb]
]]></system-out>
  </testcase>
</testsuite>